<?xml version="1.0" encoding="UTF-8"?>
<!-- Generated by org.testng.reporters.JUnitXMLReporter -->
<testsuite hostname="xuezhong-PC" ignored="0" name="TestNewTest" tests="3" failures="0" timestamp="26 六月 2018 02:51:12 GMT" time="12.857" errors="0">
  <testcase name="testSeleniumTestng" time="5.396" classname="com.testng.NewTestQQ"/>
  <testcase name="search" time="5.316" classname="com.testng.NewTestQQ"/>
  <testcase name="testSeleniumTestng" time="2.124" classname="com.testng.NewTestBAIDU"/>
</testsuite> <!-- TestNewTest -->
