<?xml version="1.0" encoding="UTF-8"?>
<testng-results skipped="0" failed="0" ignored="0" total="1" passed="1">
  <reporter-output>
  </reporter-output>
  <suite name="Suite" duration-ms="18683" started-at="2018-06-26T05:59:15Z" finished-at="2018-06-26T05:59:33Z">
    <groups>
    </groups>
    <test name="Test" duration-ms="18683" started-at="2018-06-26T05:59:15Z" finished-at="2018-06-26T05:59:33Z">
      <class name="com.testng.TestLoginQQFailure2">
        <test-method status="PASS" signature="testLoginQQFailure2(java.lang.String, java.lang.String)[pri:0, instance:com.testng.TestLoginQQFailure2@21a451]" name="testLoginQQFailure2" duration-ms="18664" started-at="2018-06-26T13:59:15Z" finished-at="2018-06-26T13:59:33Z">
          <params>
            <param index="0">
              <value>
                <![CDATA[115773673]]>
              </value>
            </param>
            <param index="1">
              <value>
                <![CDATA[ABCD]]>
              </value>
            </param>
          </params>
          <reporter-output>
          </reporter-output>
        </test-method> <!-- testLoginQQFailure2 -->
      </class> <!-- com.testng.TestLoginQQFailure2 -->
    </test> <!-- Test -->
  </suite> <!-- Suite -->
</testng-results>
